        -:    0:Source:temp.c
        -:    0:Graph:temp.gcno
        -:    0:Data:temp.gcda
        -:    0:Runs:1
        -:    0:Programs:1
        -:    1:#include <stdio.h>
        -:    2:    
function main called 1 returned 100% blocks executed 88%
        1:    3:int main (void)
        -:    4:{
        -:    5:    int i, total;
        1:    6:    total = 0;
       11:    7:    for (i = 0; i < 10; i++)
branch  0 taken 91%
branch  1 taken 9% (fallthrough)
       10:    8:        total += i;
        1:    9:    if (total != 45)
branch  0 taken 0% (fallthrough)
branch  1 taken 100%
    #####:   10:        printf ("Failure\n");
call    0 never executed
        -:   11:    else
        1:   12:        printf ("Success\n");
call    0 returned 100%
        1:   13:    return 0;    
        -:   14:}
